<?xml version="1.0" encoding="UTF-8"?>
<!-- Generated by org.testng.reporters.JUnitReportReporter -->
<testsuite hostname="HpLaptop" failures="0" tests="1" name="com.twitter.testcases.LoginPageTest" time="17.844" errors="0" timestamp="2023-07-14T07:18:39 IST" skipped="0">
  <testcase classname="com.twitter.testcases.LoginPageTest" name="enterLoginDetails" time="17.844"/>
  <system-out/>
</testsuite> <!-- com.twitter.testcases.LoginPageTest -->
